2017-01-26 08:54:34		[329]	AuditBot is stopped.
2017-01-26 08:55:06		[415]	AuditBot is runned.
2017-01-26 08:55:06		[415]	AuditBot is stopped.
2017-01-26 08:55:14		[638]	AuditBot is runned.
2017-01-26 08:55:14		[638]	AuditBot is stopped.
2017-01-26 08:55:21		[255]	AuditBot is runned.
2017-01-26 08:55:21		[255]	AuditBot is stopped.
2017-01-26 08:55:40		[129]	AuditBot is runned.
2017-01-26 08:55:40		[129]	AuditBot is stopped.
2017-01-26 08:56:21		[284]	AuditBot is stopped.
2017-01-26 08:58:40		[135]	AuditBot is runned.
2017-01-26 08:58:40		[135]	AuditBot is stopped.
2017-01-26 08:58:50		[429]	AuditBot is stopped.
2017-01-26 08:59:05		[996]	AuditBot is already runned. Exit from AuditBot.
2017-01-26 09:32:24		[129]	AuditBot is already runned. Exit from AuditBot.
2017-01-26 09:39:10		[250]	
2017-01-26 09:40:03		[223]	
2017-01-26 09:42:47		[643]	
2017-01-26 09:44:03		[609]	
2017-01-26 09:45:29		[290]	
2017-01-26 09:46:05		[207]	AuditBot is already runned. Exit from AuditBot.
2017-01-26 09:46:21		[909]	AuditBot is already runned. Exit from AuditBot.
2017-01-26 09:46:38		[703]	AuditBot is already runned. Exit from AuditBot.
2017-01-26 09:51:32		[19]	AuditBot is already runned. Exit from AuditBot.
2017-01-26 09:52:59		[554]	AuditBot is already runned. Exit from AuditBot.
2017-01-26 09:53:16		[461]	AuditBot is runned.
2017-01-26 09:53:16		[461]	AuditBot is stopped.
2017-01-26 09:54:09		[691]	AuditBot is runned.
2017-01-26 09:55:05		[517]	AuditBot is runned.
2017-01-26 09:55:05		[517]	AuditBot is stopped.
2017-01-26 09:59:31		[945]	AuditBot is runned.
2017-01-26 09:59:31		[945]	AuditBot is stopped.
2017-01-26 10:47:56		[720]	AuditBot is runned.
2017-01-26 10:47:56		[720]	AuditBot is stopped.
2017-01-26 10:48:16		[986]	AuditBot is runned.
2017-01-26 10:48:16		[986]	AuditBot is stopped.
2017-01-26 10:48:27		[179]	AuditBot is runned.
2017-01-26 10:48:27		[179]	AuditBot is stopped.
2017-01-26 10:48:32		[883]	AuditBot is runned.
2017-01-26 10:48:32		[883]	AuditBot is stopped.
2017-01-26 10:48:52		[307]	AuditBot is runned.
2017-01-26 10:48:52		[307]	AuditBot is stopped.
2017-01-26 10:49:16		[696]	AuditBot is runned.
2017-01-26 10:49:16		[696]	AuditBot is stopped.
2017-01-26 10:53:00		[706]	AuditBot is runned.
2017-01-26 10:57:37		[149]	AuditBot is runned.
2017-01-26 10:57:37		[149]	AuditBot is stopped.
2017-01-30 09:36:42		[479]	AuditBot is runned.
2017-01-30 09:36:42		[479]	AuditBot is stopped.
2017-01-30 09:37:04		[427]	AuditBot is runned.
2017-01-30 09:37:04		[427]	AuditBot is stopped.
2017-01-30 09:37:22		[225]	AuditBot is runned.
2017-01-30 09:37:22		[225]	AuditBot is stopped.
2017-01-30 09:37:30		[734]	AuditBot is runned.
2017-01-30 09:37:30		[734]	AuditBot is stopped.
2017-01-30 09:37:37		[567]	AuditBot is runned.
2017-01-30 09:37:37		[567]	AuditBot is stopped.
2017-01-30 09:39:53		[248]	AuditBot is runned.
2017-01-30 09:39:53		[248]	AuditBot is stopped.
2017-01-30 09:39:58		[544]	AuditBot is runned.
2017-01-30 09:39:58		[544]	AuditBot is stopped.
2017-01-30 09:48:40		[128]	AuditBot is runned.
2017-01-30 09:48:40		[128]	Old point: 
2017-01-30 09:48:40		[128]	AuditBot is stopped.
2017-01-30 09:49:11		[383]	AuditBot is runned.
2017-01-30 09:49:11		[383]	Old point: 
2017-01-30 09:49:11		[383]	AuditBot is stopped.
2017-01-30 09:49:35		[309]	AuditBot is runned.
2017-01-30 09:49:35		[309]	Old point: 0
2017-01-30 09:49:35		[309]	AuditBot is stopped.
2017-01-30 09:49:39		[850]	AuditBot is runned.
2017-01-30 09:49:39		[850]	Old point: 0
2017-01-30 09:49:39		[850]	AuditBot is stopped.
2017-01-30 09:54:29		[859]	AuditBot is runned.
2017-01-30 09:54:29		[859]	Old point: 0
2017-01-30 09:54:29		[859]	AuditBot is stopped.
2017-01-30 11:04:25		[198]	AuditBot is runned.
2017-01-30 11:04:25		[198]	App start
2017-01-30 11:04:25		[198]	Old point: 0
2017-01-30 11:04:58		[131]	AuditBot is runned.
2017-01-30 11:04:58		[131]	App start
2017-01-30 11:04:58		[131]	Old point: 0
2017-01-30 11:05:05		[878]	AuditBot is runned.
2017-01-30 11:05:05		[878]	App start
2017-01-30 11:05:05		[878]	Old point: 0
2017-01-30 11:05:05		[878]	Counter: 1
2017-01-30 11:05:05		[878]	AuditBot is stopped.
2017-01-30 11:05:12		[31]	AuditBot is runned.
2017-01-30 11:05:12		[31]	App start
2017-01-30 11:05:12		[31]	Old point: 0
2017-01-30 11:05:15		[31]	Counter: 1
2017-01-30 11:05:15		[31]	AuditBot is stopped.
2017-01-30 11:05:34		[151]	AuditBot is runned.
2017-01-30 11:05:34		[151]	App start
2017-01-30 11:05:34		[151]	Old point: 0
2017-01-30 11:05:58		[659]	AuditBot is runned.
2017-01-30 11:05:58		[659]	App start
2017-01-30 11:05:58		[659]	Old point: 0
2017-01-30 11:06:35		[652]	AuditBot is runned.
2017-01-30 11:06:35		[652]	App start
2017-01-30 11:06:35		[652]	Old point: 0
2017-01-30 11:06:36		[652]	Counter: 1
2017-01-30 11:06:36		[652]	AuditBot is stopped.
2017-01-30 11:07:20		[88]	AuditBot is runned.
2017-01-30 11:07:20		[88]	App start
2017-01-30 11:07:20		[88]	Old point: 0
2017-01-30 11:07:32		[593]	AuditBot is runned.
2017-01-30 11:07:32		[593]	App start
2017-01-30 11:07:32		[593]	Old point: 0
2017-01-30 11:10:35		[367]	AuditBot is runned.
2017-01-30 11:10:35		[367]	App start
2017-01-30 11:10:35		[367]	Old point: 0
2017-01-30 11:12:55		[226]	AuditBot is runned.
2017-01-30 11:12:55		[226]	App start
2017-01-30 11:12:55		[226]	Old point: 0
2017-01-30 11:13:06		[271]	AuditBot is runned.
2017-01-30 11:13:06		[271]	App start
2017-01-30 11:13:06		[271]	Old point: 0
2017-01-30 11:14:13		[664]	AuditBot is runned.
2017-01-30 11:14:13		[664]	App start
2017-01-30 11:14:13		[664]	Old point: 0
2017-01-30 11:14:59		[607]	AuditBot is runned.
2017-01-30 11:14:59		[607]	App start
2017-01-30 11:14:59		[607]	Old point: 0
2017-01-30 11:15:15		[918]	AuditBot is runned.
2017-01-30 11:15:15		[918]	App start
2017-01-30 11:15:15		[918]	Old point: 0
2017-01-30 11:16:45		[949]	AuditBot is runned.
2017-01-30 11:16:45		[949]	App start
2017-01-30 11:16:45		[949]	Old point: 0
2017-01-30 11:17:09		[346]	AuditBot is runned.
2017-01-30 11:17:09		[346]	App start
2017-01-30 11:17:09		[346]	Old point: 0
2017-01-30 11:18:49		[365]	AuditBot is runned.
2017-01-30 11:18:49		[365]	App start
2017-01-30 11:18:49		[365]	Old point: 0
2017-01-30 11:19:18		[960]	AuditBot is runned.
2017-01-30 11:19:18		[960]	App start
2017-01-30 11:19:18		[960]	Old point: 0
2017-01-30 11:19:40		[397]	AuditBot is runned.
2017-01-30 11:19:40		[397]	App start
2017-01-30 11:19:40		[397]	Old point: 0
2017-01-30 11:19:57		[791]	AuditBot is runned.
2017-01-30 11:19:57		[791]	App start
2017-01-30 11:19:57		[791]	Old point: 0
2017-01-30 11:21:13		[604]	AuditBot is runned.
2017-01-30 11:21:13		[604]	App start
2017-01-30 11:21:13		[604]	Old point: 0
2017-01-30 11:23:07		[958]	AuditBot is runned.
2017-01-30 11:23:07		[958]	App start
2017-01-30 11:23:07		[958]	Old point: 0
2017-01-30 11:23:31		[702]	AuditBot is runned.
2017-01-30 11:23:31		[702]	App start
2017-01-30 11:23:31		[702]	Old point: 0
2017-01-30 11:26:40		[178]	AuditBot is runned.
2017-01-30 11:26:40		[178]	App start
2017-01-30 11:26:40		[178]	Old point: 0
2017-01-30 11:26:40		[178]	Counter: 1
2017-01-30 11:26:40		[178]	AuditBot is stopped.
2017-01-30 11:26:52		[989]	AuditBot is runned.
2017-01-30 11:26:52		[989]	App start
2017-01-30 11:26:52		[989]	Old point: 0
2017-01-30 11:29:57		[595]	AuditBot is runned.
2017-01-30 11:29:57		[595]	App start
2017-01-30 11:29:57		[595]	Old point: 0
2017-01-30 11:33:02		[556]	AuditBot is runned.
2017-01-30 11:33:02		[556]	App start
2017-01-30 11:33:02		[556]	Old point: 0
2017-01-30 11:33:48		[242]	AuditBot is runned.
2017-01-30 11:33:48		[242]	App start
2017-01-30 11:33:48		[242]	Old point: 0
2017-01-30 11:33:52		[136]	AuditBot is runned.
2017-01-30 11:33:52		[136]	App start
2017-01-30 11:33:52		[136]	Old point: 0
2017-01-30 11:33:52		[136]	Counter: 1
2017-01-30 11:33:52		[136]	AuditBot is stopped.
2017-01-30 11:34:24		[347]	AuditBot is runned.
2017-01-30 11:34:24		[347]	App start
2017-01-30 11:34:24		[347]	Old point: 0
2017-01-30 11:34:58		[60]	AuditBot is runned.
2017-01-30 11:34:58		[60]	App start
2017-01-30 11:34:58		[60]	Old point: 0
2017-01-30 11:36:05		[383]	AuditBot is runned.
2017-01-30 11:36:05		[383]	App start
2017-01-30 11:36:05		[383]	Old point: 0
2017-01-30 11:36:17		[742]	AuditBot is runned.
2017-01-30 11:36:17		[742]	App start
2017-01-30 11:36:17		[742]	Old point: 0
2017-01-30 11:37:40		[741]	AuditBot is runned.
2017-01-30 11:37:40		[741]	App start
2017-01-30 11:37:40		[741]	Old point: 0
2017-01-30 11:39:30		[692]	AuditBot is runned.
2017-01-30 11:39:30		[692]	App start
2017-01-30 11:39:30		[692]	Old point: 0
2017-01-30 11:39:55		[898]	AuditBot is runned.
2017-01-30 11:39:55		[898]	App start
2017-01-30 11:39:55		[898]	Old point: 0
2017-01-30 11:39:56		[898]	Counter: 1
2017-01-30 11:39:56		[898]	AuditBot is stopped.
2017-01-30 11:40:06		[102]	AuditBot is runned.
2017-01-30 11:40:06		[102]	App start
2017-01-30 11:40:06		[102]	Old point: 0
2017-01-30 11:48:55		[986]	AuditBot is runned.
2017-01-30 11:48:55		[986]	App start
2017-01-30 11:48:55		[986]	Old point: 0
2017-01-30 11:49:08		[551]	AuditBot is runned.
2017-01-30 11:49:08		[551]	App start
2017-01-30 11:49:08		[551]	Old point: 0
2017-01-30 11:50:09		[139]	AuditBot is runned.
2017-01-30 11:50:09		[139]	App start
2017-01-30 11:50:09		[139]	Old point: 0
2017-01-30 11:50:18		[729]	AuditBot is runned.
2017-01-30 11:50:18		[729]	App start
2017-01-30 11:50:18		[729]	Old point: 0
2017-01-30 11:50:23		[384]	AuditBot is runned.
2017-01-30 11:50:23		[384]	App start
2017-01-30 11:50:23		[384]	Old point: 0
2017-01-30 11:50:31		[666]	AuditBot is runned.
2017-01-30 11:50:31		[666]	App start
2017-01-30 11:50:31		[666]	Old point: 0
2017-01-30 11:50:37		[362]	AuditBot is runned.
2017-01-30 11:50:37		[362]	App start
2017-01-30 11:50:37		[362]	Old point: 0
2017-01-30 11:50:41		[241]	AuditBot is runned.
2017-01-30 11:50:41		[241]	App start
2017-01-30 11:50:41		[241]	Old point: 0
2017-01-30 11:50:59		[309]	AuditBot is runned.
2017-01-30 11:50:59		[309]	App start
2017-01-30 11:50:59		[309]	Old point: 0
2017-01-30 11:51:18		[7]	AuditBot is runned.
2017-01-30 11:51:18		[7]	App start
2017-01-30 11:51:18		[7]	Old point: 0
2017-01-30 11:56:58		[76]	AuditBot is runned.
2017-01-30 11:56:58		[76]	App start
2017-01-30 11:56:58		[76]	Old point: 0
2017-01-30 11:57:09		[743]	AuditBot is runned.
2017-01-30 11:57:09		[743]	App start
2017-01-30 11:57:09		[743]	Old point: 0
2017-01-30 11:57:21		[613]	AuditBot is runned.
2017-01-30 11:57:21		[613]	App start
2017-01-30 11:57:21		[613]	Old point: 0
2017-01-30 11:57:42		[345]	AuditBot is runned.
2017-01-30 11:57:42		[345]	App start
2017-01-30 11:57:42		[345]	Old point: 0
2017-01-30 12:06:00		[381]	AuditBot is runned.
2017-01-30 12:06:00		[381]	App start
2017-01-30 12:06:00		[381]	Old point: 0
2017-01-30 13:24:07		[629]	AuditBot is runned.
2017-01-30 13:24:07		[629]	App start
2017-01-30 13:24:07		[629]	Old point: 0
2017-01-30 13:24:32		[114]	AuditBot is runned.
2017-01-30 13:24:32		[114]	App start
2017-01-30 13:24:32		[114]	Old point: 0
2017-01-30 13:25:40		[211]	AuditBot is runned.
2017-01-30 13:25:40		[211]	App start
2017-01-30 13:25:40		[211]	Old point: 0
2017-01-30 13:25:40		[211]	Counter: 1
2017-01-30 13:25:40		[211]	AuditBot is stopped.
2017-01-30 13:26:49		[955]	AuditBot is runned.
2017-01-30 13:26:49		[955]	App start
2017-01-30 13:26:49		[955]	Old point: 0
2017-01-30 13:27:00		[883]	AuditBot is runned.
2017-01-30 13:27:00		[883]	App start
2017-01-30 13:27:00		[883]	Old point: 0
2017-01-30 13:29:56		[169]	AuditBot is runned.
2017-01-30 13:29:56		[169]	App start
2017-01-30 13:29:56		[169]	Old point: 0
2017-01-30 13:29:56		[169]	Counter: 1
2017-01-30 13:29:56		[169]	AuditBot is stopped.
2017-01-30 13:31:51		[429]	AuditBot is runned.
2017-01-30 13:31:51		[429]	App start
2017-01-30 13:31:51		[429]	Old point: 0
2017-01-30 13:36:12		[986]	AuditBot is runned.
2017-01-30 13:36:12		[986]	App start
2017-01-30 13:36:12		[986]	Old point: 0
2017-01-30 13:36:53		[797]	AuditBot is runned.
2017-01-30 13:36:53		[797]	App start
2017-01-30 13:36:53		[797]	Old point: 0
2017-01-30 13:37:00		[203]	AuditBot is runned.
2017-01-30 13:37:00		[203]	App start
2017-01-30 13:37:00		[203]	Old point: 0
2017-01-30 13:38:59		[376]	AuditBot is runned.
2017-01-30 13:38:59		[376]	App start
2017-01-30 13:38:59		[376]	Old point: 0
2017-01-30 13:39:12		[287]	AuditBot is runned.
2017-01-30 13:39:12		[287]	App start
2017-01-30 13:39:12		[287]	Old point: 0
2017-01-30 13:41:53		[682]	AuditBot is runned.
2017-01-30 13:41:53		[682]	App start
2017-01-30 13:41:53		[682]	Old point: 0
2017-01-30 13:41:53		[682]	Counter: 1
2017-01-30 13:41:53		[682]	AuditBot is stopped.
2017-01-30 14:42:28		[424]	AuditBot is runned.
2017-01-30 14:42:28		[424]	App start
2017-01-30 14:42:28		[424]	Old point: 0
2017-01-30 14:42:28		[424]	Counter: 1
2017-01-30 14:51:56		[443]	AuditBot is runned.
2017-01-30 14:51:56		[443]	App start
2017-01-30 14:51:56		[443]	Old point: 0
2017-01-30 14:51:56		[443]	Counter: 1
2017-01-30 14:51:56		[443]	AuditBot is stopped.
2017-01-30 14:52:07		[802]	AuditBot is runned.
2017-01-30 14:52:07		[802]	App start
2017-01-30 14:52:07		[802]	Old point: 0
2017-01-30 14:52:07		[802]	Counter: 1
2017-01-30 14:52:07		[802]	AuditBot is stopped.
2017-01-30 14:52:14		[806]	AuditBot is runned.
2017-01-30 14:52:14		[806]	App start
2017-01-30 14:52:14		[806]	Old point: 0
2017-01-30 14:52:14		[806]	Counter: 1
2017-01-30 14:52:14		[806]	AuditBot is stopped.
2017-01-30 14:52:22		[933]	AuditBot is runned.
2017-01-30 14:52:22		[933]	App start
2017-01-30 14:52:22		[933]	Old point: 0
2017-01-30 14:52:22		[933]	Counter: 1
2017-01-30 14:52:22		[933]	AuditBot is stopped.
2017-01-30 14:53:06		[422]	AuditBot is runned.
2017-01-30 14:53:06		[422]	App start
2017-01-30 14:53:06		[422]	Old point: 0
2017-01-30 14:53:06		[422]	Counter: 1
2017-01-30 14:53:06		[422]	AuditBot is stopped.
2017-01-30 14:55:28		[653]	AuditBot is runned.
2017-01-30 14:55:28		[653]	App start
2017-01-30 14:55:28		[653]	Old point: 0
2017-01-30 14:55:28		[653]	Counter: 1
2017-01-30 14:55:28		[653]	AuditBot is stopped.
2017-01-30 14:56:17		[202]	AuditBot is runned.
2017-01-30 14:56:17		[202]	App start
2017-01-30 14:56:17		[202]	Old point: 0
2017-01-30 14:56:17		[202]	Counter: 1
2017-01-30 14:56:17		[202]	AuditBot is stopped.
2017-01-30 14:56:27		[460]	AuditBot is runned.
2017-01-30 14:56:27		[460]	App start
2017-01-30 14:56:27		[460]	Old point: 0
2017-01-30 14:56:27		[460]	Counter: 1
2017-01-30 14:59:08		[705]	AuditBot is runned.
2017-01-30 14:59:08		[705]	App start
2017-01-30 14:59:08		[705]	Old point: 0
2017-01-30 14:59:08		[705]	Counter: 1
2017-01-30 15:02:44		[500]	AuditBot is runned.
2017-01-30 15:02:44		[500]	App start
2017-01-30 15:02:44		[500]	Old point: 0
2017-01-30 15:02:44		[500]	Counter: 1
2017-01-30 15:03:04		[413]	AuditBot is runned.
2017-01-30 15:03:04		[413]	App start
2017-01-30 15:03:04		[413]	Old point: 0
2017-01-30 15:03:04		[413]	Counter: 1
2017-01-30 15:48:24		[422]	AuditBot is runned.
2017-01-30 15:48:24		[422]	App start
2017-01-30 15:48:24		[422]	Old point: 0
2017-01-30 15:48:24		[422]	Counter: 1
2017-01-30 15:48:52		[377]	AuditBot is runned.
2017-01-30 15:48:52		[377]	App start
2017-01-30 15:48:52		[377]	Old point: 0
2017-01-30 15:48:52		[377]	Counter: 1
2017-01-30 15:51:54		[988]	AuditBot is runned.
2017-01-30 15:51:54		[988]	App start
2017-01-30 15:51:54		[988]	Old point: 0
2017-01-30 15:51:54		[988]	Counter: 1
2017-01-30 15:51:54		[988]	AuditBot is stopped.
2017-01-30 15:52:59		[197]	AuditBot is runned.
2017-01-30 15:52:59		[197]	App start
2017-01-30 15:52:59		[197]	Old point: 0
2017-01-30 15:52:59		[197]	Counter: 1
2017-01-30 15:52:59		[197]	AuditBot is stopped.
2017-01-30 15:53:15		[735]	AuditBot is runned.
2017-01-30 15:53:15		[735]	App start
2017-01-30 15:53:15		[735]	Old point: 0
2017-01-30 15:53:15		[735]	Counter: 1
2017-01-30 15:53:16		[735]	AuditBot is stopped.
2017-01-30 15:53:25		[667]	AuditBot is runned.
2017-01-30 15:53:25		[667]	App start
2017-01-30 15:53:25		[667]	Old point: 0
2017-01-30 15:53:25		[667]	Counter: 1
2017-01-30 15:53:25		[667]	AuditBot is stopped.
2017-01-30 15:53:36		[267]	AuditBot is runned.
2017-01-30 15:53:36		[267]	App start
2017-01-30 15:53:36		[267]	Old point: 0
2017-01-30 15:53:36		[267]	Counter: 1
2017-01-30 15:54:17		[11]	AuditBot is runned.
2017-01-30 15:54:17		[11]	App start
2017-01-30 15:54:17		[11]	Old point: 0
2017-01-30 15:54:17		[11]	Counter: 1
2017-01-30 15:54:18		[11]	AuditBot is stopped.
2017-01-30 15:54:25		[972]	AuditBot is runned.
2017-01-30 15:54:25		[972]	App start
2017-01-30 15:54:25		[972]	Old point: 0
2017-01-30 15:54:25		[972]	Counter: 1
2017-01-30 15:54:44		[49]	AuditBot is runned.
2017-01-30 15:54:44		[49]	App start
2017-01-30 15:54:44		[49]	Old point: 0
2017-01-30 15:54:44		[49]	Counter: 1
2017-01-30 15:54:44		[49]	AuditBot is stopped.
2017-01-30 17:57:20		[954]	AuditBot is runned.
2017-01-30 17:57:20		[954]	App start
2017-01-30 17:57:20		[954]	Old point: 0
2017-01-30 17:57:20		[954]	Counter: 1
2017-01-30 17:59:54		[448]	AuditBot is runned.
2017-01-30 17:59:54		[448]	App start
2017-01-30 17:59:54		[448]	Old point: 0
2017-01-30 18:07:32		[688]	AuditBot is runned.
2017-01-30 18:07:32		[688]	App start
2017-01-30 18:07:32		[688]	Old point: 0
2017-01-30 18:07:32		[688]	Counter: 1
2017-01-30 18:07:32		[688]	AuditBot is stopped.
2017-01-30 18:07:38		[797]	AuditBot is runned.
2017-01-30 18:07:38		[797]	App start
2017-01-30 18:07:38		[797]	Old point: 0
2017-01-30 18:07:38		[797]	Counter: 1
2017-01-30 18:07:38		[797]	AuditBot is stopped.
2017-01-30 18:09:13		[88]	AuditBot is runned.
2017-01-30 18:09:13		[88]	App start
2017-01-30 18:09:13		[88]	Old point: 0
2017-01-30 18:09:13		[88]	Counter: 1
2017-01-30 18:09:38		[144]	AuditBot is runned.
2017-01-30 18:09:38		[144]	App start
2017-01-30 18:09:38		[144]	Old point: 0
2017-01-30 18:09:38		[144]	Counter: 1
2017-01-30 18:09:38		[144]	AuditBot is stopped.
2017-01-30 18:10:19		[854]	AuditBot is runned.
2017-01-30 18:10:19		[854]	App start
2017-01-30 18:10:19		[854]	Old point: 0
2017-01-30 18:10:19		[854]	Counter: 1
2017-01-30 18:10:19		[854]	AuditBot is stopped.
2017-01-30 18:10:27		[199]	AuditBot is runned.
2017-01-30 18:10:27		[199]	App start
2017-01-30 18:10:27		[199]	Old point: 0
2017-01-30 18:10:27		[199]	Counter: 1
2017-01-30 18:10:27		[199]	AuditBot is stopped.
2017-01-30 18:13:53		[584]	AuditBot is runned.
2017-01-30 18:13:53		[584]	App start
2017-01-30 18:13:53		[584]	Old point: 0
2017-01-30 18:13:53		[584]	Counter: 1
2017-01-30 18:13:53		[584]	AuditBot is stopped.
2017-01-30 18:15:08		[582]	AuditBot is runned.
2017-01-30 18:15:08		[582]	App start
2017-01-30 18:15:08		[582]	Old point: 0
2017-01-30 18:15:08		[582]	Counter: 1
2017-01-30 18:15:08		[582]	AuditBot is stopped.
2017-01-30 18:15:25		[95]	AuditBot is runned.
2017-01-30 18:15:25		[95]	App start
2017-01-30 18:15:25		[95]	Old point: 0
2017-01-30 18:15:25		[95]	Counter: 1
2017-01-30 18:15:25		[95]	AuditBot is stopped.
2017-01-30 18:15:32		[993]	AuditBot is runned.
2017-01-30 18:15:32		[993]	App start
2017-01-30 18:15:32		[993]	Old point: 0
2017-01-30 18:15:32		[993]	Counter: 1
2017-01-30 18:15:32		[993]	AuditBot is stopped.
2017-01-30 18:15:57		[869]	AuditBot is runned.
2017-01-30 18:15:57		[869]	App start
2017-01-30 18:15:57		[869]	Old point: 0
2017-01-30 18:15:57		[869]	Counter: 1
2017-01-30 18:15:57		[869]	AuditBot is stopped.
2017-01-30 18:18:03		[607]	AuditBot is runned.
2017-01-30 18:18:03		[607]	App start
2017-01-30 18:18:03		[607]	Old point: 0
2017-01-30 18:18:03		[607]	Counter: 1
2017-01-30 18:18:08		[194]	AuditBot is runned.
2017-01-30 18:18:08		[194]	App start
2017-01-30 18:18:08		[194]	Old point: 0
2017-01-30 18:18:08		[194]	Counter: 1
2017-01-30 18:18:20		[111]	AuditBot is runned.
2017-01-30 18:18:20		[111]	App start
2017-01-30 18:18:20		[111]	Old point: 0
2017-01-30 18:18:20		[111]	Counter: 1
2017-01-30 18:18:20		[111]	AuditBot is stopped.
2017-01-30 18:18:29		[996]	AuditBot is runned.
2017-01-30 18:18:29		[996]	App start
2017-01-30 18:18:29		[996]	Old point: 0
2017-01-30 18:18:29		[996]	Counter: 1
2017-01-30 18:18:29		[996]	AuditBot is stopped.
2017-01-30 18:18:34		[249]	AuditBot is runned.
2017-01-30 18:18:34		[249]	App start
2017-01-30 18:18:34		[249]	Old point: 0
2017-01-30 18:18:34		[249]	Counter: 1
2017-01-30 18:18:34		[249]	AuditBot is stopped.
2017-01-30 18:18:41		[898]	AuditBot is runned.
2017-01-30 18:18:41		[898]	App start
2017-01-30 18:18:41		[898]	Old point: 0
2017-01-30 18:18:41		[898]	Counter: 1
2017-01-30 18:18:41		[898]	AuditBot is stopped.
2017-01-30 18:19:28		[210]	AuditBot is runned.
2017-01-30 18:19:28		[210]	App start
2017-01-30 18:19:28		[210]	Old point: 0
2017-01-30 18:19:28		[210]	Counter: 1
2017-01-30 18:19:28		[210]	AuditBot is stopped.
2017-01-30 18:19:38		[351]	AuditBot is runned.
2017-01-30 18:19:38		[351]	App start
2017-01-30 18:19:38		[351]	Old point: 0
2017-01-30 18:19:38		[351]	Counter: 1
2017-01-30 18:19:38		[351]	AuditBot is stopped.
2017-01-30 18:21:14		[58]	AuditBot is runned.
2017-01-30 18:21:14		[58]	App start
2017-01-30 18:21:14		[58]	Old point: 0
2017-01-30 18:21:14		[58]	Counter: 1
2017-01-30 18:21:30		[711]	AuditBot is runned.
2017-01-30 18:21:30		[711]	App start
2017-01-30 18:21:30		[711]	Old point: 0
2017-01-30 18:21:30		[711]	Counter: 1
2017-01-30 18:21:30		[711]	AuditBot is stopped.
2017-01-30 18:24:39		[481]	AuditBot is runned.
2017-01-30 18:24:39		[481]	App start
2017-01-30 18:24:39		[481]	Old point: 0
2017-01-30 18:24:39		[481]	Counter: 1
2017-01-30 18:24:39		[481]	AuditBot is stopped.
2017-01-30 18:27:49		[518]	AuditBot is runned.
2017-01-30 18:27:49		[518]	App start
2017-01-30 18:27:49		[518]	Old point: 0
2017-01-30 18:27:49		[518]	Counter: 1
2017-01-30 18:28:26		[278]	AuditBot is runned.
2017-01-30 18:28:26		[278]	App start
2017-01-30 18:28:26		[278]	Old point: 0
2017-01-30 18:28:26		[278]	Counter: 1
2017-01-30 18:28:27		[278]	AuditBot is stopped.
2017-01-30 18:28:55		[667]	AuditBot is runned.
2017-01-30 18:28:55		[667]	App start
2017-01-30 18:28:55		[667]	Old point: 0
2017-01-30 18:28:55		[667]	Counter: 1
2017-01-30 18:28:57		[667]	AuditBot is stopped.
2017-01-30 18:29:13		[568]	AuditBot is runned.
2017-01-30 18:29:13		[568]	App start
2017-01-30 18:29:13		[568]	Old point: 0
2017-01-30 18:29:13		[568]	Counter: 1
2017-01-30 18:29:13		[568]	AuditBot is stopped.
2017-01-31 08:27:40		[628]	AuditBot is runned.
2017-01-31 08:27:40		[628]	App start
2017-01-31 08:27:40		[628]	Old point: 0
2017-01-31 08:27:40		[628]	Counter: 1
2017-01-31 08:27:44		[628]	AuditBot is stopped.
2017-01-31 08:36:49		[221]	AuditBot is runned.
2017-01-31 08:36:49		[221]	App start
2017-01-31 08:36:49		[221]	Old point: 0
2017-01-31 08:36:49		[221]	Counter: 1
2017-01-31 08:36:52		[221]	AuditBot is stopped.
2017-01-31 08:47:05		[69]	AuditBot is runned.
2017-01-31 08:47:05		[69]	App start
2017-01-31 08:47:05		[69]	Old point: 0
2017-01-31 08:47:05		[69]	Counter: 1
2017-01-31 08:47:07		[69]	AuditBot is stopped.
2017-01-31 08:47:48		[793]	AuditBot is runned.
2017-01-31 08:47:48		[793]	App start
2017-01-31 08:47:48		[793]	Old point: 0
2017-01-31 08:47:48		[793]	Counter: 1
2017-01-31 08:47:50		[793]	AuditBot is stopped.
2017-01-31 08:49:14		[587]	AuditBot is runned.
2017-01-31 08:49:14		[587]	App start
2017-01-31 08:49:14		[587]	Old point: 0
2017-01-31 08:49:14		[587]	Counter: 1
2017-01-31 08:49:16		[587]	AuditBot is stopped.
2017-01-31 08:49:40		[918]	AuditBot is runned.
2017-01-31 08:49:40		[918]	App start
2017-01-31 08:49:40		[918]	Old point: 0
2017-01-31 08:49:40		[918]	Counter: 1
2017-01-31 08:49:41		[918]	AuditBot is stopped.
2017-01-31 08:49:53		[885]	AuditBot is runned.
2017-01-31 08:49:53		[885]	App start
2017-01-31 08:49:53		[885]	Old point: 0
2017-01-31 08:49:53		[885]	Counter: 1
2017-01-31 08:49:54		[885]	AuditBot is stopped.
2017-01-31 08:50:04		[986]	AuditBot is runned.
2017-01-31 08:50:04		[986]	App start
2017-01-31 08:50:04		[986]	Old point: 0
2017-01-31 08:50:04		[986]	Counter: 1
2017-01-31 08:50:04		[986]	AuditBot is stopped.
2017-01-31 08:50:32		[972]	AuditBot is runned.
2017-01-31 08:50:32		[972]	App start
2017-01-31 08:50:32		[972]	Old point: 0
2017-01-31 08:50:32		[972]	Counter: 1
2017-01-31 08:50:33		[972]	AuditBot is stopped.
2017-01-31 08:50:44		[609]	AuditBot is runned.
2017-01-31 08:50:44		[609]	App start
2017-01-31 08:50:44		[609]	Old point: 0
2017-01-31 08:50:44		[609]	Counter: 1
2017-01-31 08:50:45		[609]	AuditBot is stopped.
2017-01-31 08:51:23		[680]	AuditBot is runned.
2017-01-31 08:51:23		[680]	App start
2017-01-31 08:51:23		[680]	Old point: 0
2017-01-31 08:51:23		[680]	Counter: 1
2017-01-31 08:51:24		[680]	AuditBot is stopped.
2017-01-31 08:52:02		[55]	AuditBot is runned.
2017-01-31 08:52:02		[55]	App start
2017-01-31 08:52:02		[55]	Old point: 0
2017-01-31 08:52:02		[55]	Counter: 1
2017-01-31 08:52:03		[55]	AuditBot is stopped.
2017-01-31 09:28:24		[496]	AuditBot is runned.
2017-01-31 09:28:24		[496]	App start
2017-01-31 09:28:24		[496]	Old point: 0
2017-01-31 09:28:24		[496]	Counter: 1
2017-01-31 09:28:37		[185]	AuditBot is runned.
2017-01-31 09:28:37		[185]	App start
2017-01-31 09:28:37		[185]	Old point: 0
2017-01-31 09:28:37		[185]	Counter: 1
2017-01-31 09:29:51		[364]	AuditBot is runned.
2017-01-31 09:29:51		[364]	App start
2017-01-31 09:29:51		[364]	Old point: 0
2017-01-31 09:29:51		[364]	Counter: 1
2017-01-31 09:30:12		[193]	AuditBot is runned.
2017-01-31 09:30:12		[193]	App start
2017-01-31 09:30:12		[193]	Old point: 0
2017-01-31 09:30:12		[193]	Counter: 1
2017-01-31 09:30:14		[193]	AuditBot is stopped.
2017-01-31 09:33:12		[386]	AuditBot is runned.
2017-01-31 09:33:12		[386]	App start
2017-01-31 09:33:12		[386]	Old point: 0
2017-01-31 09:33:12		[386]	Counter: 1
2017-01-31 09:33:13		[386]	AuditBot is stopped.
2017-01-31 09:38:15		[497]	AuditBot is runned.
2017-01-31 09:38:15		[497]	App start
2017-01-31 09:38:15		[497]	Old point: 0
2017-01-31 09:38:15		[497]	Counter: 1
2017-01-31 09:38:15		[497]	AuditBot is stopped.
2017-01-31 09:38:29		[904]	AuditBot is runned.
2017-01-31 09:38:29		[904]	App start
2017-01-31 09:38:29		[904]	Old point: 0
2017-01-31 09:38:29		[904]	Counter: 1
2017-01-31 09:38:29		[904]	AuditBot is stopped.
2017-01-31 09:40:20		[912]	AuditBot is runned.
2017-01-31 09:40:20		[912]	App start
2017-01-31 09:40:20		[912]	Old point: 0
2017-01-31 09:40:20		[912]	Counter: 1
2017-01-31 09:40:20		[912]	AuditBot is stopped.
2017-01-31 09:40:45		[852]	AuditBot is runned.
2017-01-31 09:40:45		[852]	App start
2017-01-31 09:40:45		[852]	Old point: 0
2017-01-31 09:40:45		[852]	Counter: 1
2017-01-31 09:41:05		[680]	AuditBot is runned.
2017-01-31 09:41:05		[680]	App start
2017-01-31 09:41:05		[680]	Old point: 0
2017-01-31 09:41:05		[680]	Counter: 1
2017-01-31 09:41:05		[680]	AuditBot is stopped.
2017-01-31 09:46:57		[30]	AuditBot is runned.
2017-01-31 09:46:57		[30]	App start
2017-01-31 09:46:57		[30]	Old point: 0
2017-01-31 09:46:57		[30]	Counter: 1
2017-01-31 09:46:57		[30]	AuditBot is stopped.
2017-01-31 09:47:17		[727]	AuditBot is runned.
2017-01-31 09:47:17		[727]	App start
2017-01-31 09:47:17		[727]	Old point: 0
2017-01-31 09:47:17		[727]	Counter: 1
2017-01-31 09:47:17		[727]	AuditBot is stopped.
2017-01-31 09:48:58		[810]	AuditBot is runned.
2017-01-31 09:48:58		[810]	App start
2017-01-31 09:48:58		[810]	Old point: 0
2017-01-31 09:48:58		[810]	Counter: 1
2017-01-31 09:48:58		[810]	AuditBot is stopped.
2017-01-31 10:00:11		[441]	AuditBot is runned.
2017-01-31 10:00:11		[441]	App start
2017-01-31 10:00:11		[441]	Old point: 0
2017-01-31 10:00:11		[441]	Counter: 1
2017-01-31 10:00:26		[588]	AuditBot is runned.
2017-01-31 10:00:26		[588]	App start
2017-01-31 10:00:26		[588]	Old point: 0
2017-01-31 10:00:26		[588]	Counter: 1
2017-01-31 10:00:26		[588]	AuditBot is stopped.
2017-01-31 10:01:45		[277]	AuditBot is runned.
2017-01-31 10:01:45		[277]	App start
2017-01-31 10:01:45		[277]	Old point: 0
2017-01-31 10:01:45		[277]	Counter: 1
2017-01-31 10:02:35		[635]	AuditBot is runned.
2017-01-31 10:02:35		[635]	App start
2017-01-31 10:02:35		[635]	Old point: 0
2017-01-31 10:02:35		[635]	Counter: 1
2017-01-31 10:02:36		[635]	AuditBot is stopped.
2017-01-31 10:50:05		[720]	AuditBot is runned.
2017-01-31 10:50:05		[720]	App start
2017-01-31 10:50:05		[720]	Old point: 0
2017-01-31 10:50:05		[720]	Counter: 1
2017-01-31 10:50:18		[451]	AuditBot is runned.
2017-01-31 10:50:18		[451]	App start
2017-01-31 10:50:18		[451]	Old point: 0
2017-01-31 10:50:18		[451]	Counter: 1
2017-01-31 10:50:18		[451]	AuditBot is stopped.
2017-01-31 11:00:50		[398]	AuditBot is runned.
2017-01-31 11:00:50		[398]	App start
2017-01-31 11:00:50		[398]	Old point: 0
2017-01-31 11:00:50		[398]	Counter: 1
2017-01-31 11:00:50		[398]	AuditBot is stopped.
2017-01-31 11:30:59		[360]	AuditBot is runned.
2017-01-31 11:30:59		[360]	App start
2017-01-31 11:30:59		[360]	Old point: 0
2017-01-31 11:30:59		[360]	Counter: 1
2017-01-31 11:31:00		[360]	AuditBot is stopped.
2017-01-31 11:59:58		[52]	AuditBot is runned.
2017-01-31 11:59:58		[52]	App start
2017-01-31 11:59:58		[52]	Old point: 0
2017-01-31 11:59:58		[52]	Counter: 1
2017-01-31 12:00:36		[773]	AuditBot is runned.
2017-01-31 12:00:36		[773]	App start
2017-01-31 12:00:36		[773]	Old point: 0
2017-01-31 12:00:36		[773]	Counter: 1
2017-01-31 12:03:37		[145]	AuditBot is runned.
2017-01-31 12:03:37		[145]	App start
2017-01-31 12:03:37		[145]	Old point: 0
2017-01-31 12:03:37		[145]	Counter: 1
2017-01-31 12:03:38		[145]	AuditBot is stopped.
2017-01-31 14:38:56		[757]	AuditBot is runned.
2017-01-31 14:38:56		[757]	Приложение запущено.
2017-01-31 14:38:56		[757]	Текущий point: 0
2017-01-31 14:38:56		[757]	Новый counter: 1
2017-01-31 14:38:57		[757]	Ошибка создания ПК. Имя ПК: '032-prosvirina'. Ошибка: Invnum has already been taken
2017-01-31 14:38:57		[757]	AuditBot is stopped.
2017-01-31 14:43:29		[403]	Приложение запущено.
2017-01-31 14:43:29		[403]	Текущий point: 0
2017-01-31 14:43:29		[403]	Новый counter: 1
2017-01-31 14:43:29		[403]	ПК '032-prosvirina' создан.
2017-01-31 14:44:08		[315]	Приложение запущено.
2017-01-31 14:44:08		[315]	Текущий point: 0
2017-01-31 14:44:08		[315]	Новый counter: 1
2017-01-31 14:44:09		[315]	ПК '032-prosvirina' создан.
2017-01-31 14:44:54		[880]	Приложение запущено.
2017-01-31 14:44:54		[880]	Текущий point: 0
2017-01-31 14:44:54		[880]	Новый counter: 1
2017-01-31 14:44:55		[880]	ПК '032-prosvirina' создан.
2017-01-31 14:44:55		[880]	Деталь конфигурации для ПК '032-prosvirina' в таблице эталонов создана. Тип детали: cpu. Имя
детали: процессор intel pentium iii xeon.
2017-01-31 14:44:55		[880]	Деталь конфигурации для ПК '032-prosvirina' в таблице эталонов создана. Тип детали: ram. Имя
детали: 3.5.
2017-01-31 14:44:55		[880]	Деталь конфигурации для ПК '032-prosvirina' в таблице эталонов создана. Тип детали: hdd. Имя
детали: wdc wd1600aajb-00j3a0.
2017-01-31 14:44:55		[880]	Деталь конфигурации для ПК '032-prosvirina' в таблице эталонов создана. Тип детали: mb. Имя
детали: system product name.
2017-01-31 14:44:55		[880]	Деталь конфигурации для ПК '032-prosvirina' в таблице эталонов создана. Тип детали: video. Имя
детали: nvidia geforce gt 220.
2017-01-31 14:44:55		[880]	Приложение остановлено.
2017-01-31 14:45:48		[471]	Приложение запущено.
2017-01-31 14:45:48		[471]	Текущий point: 0
2017-01-31 14:45:48		[471]	Новый counter: 1
2017-01-31 14:45:48		[471]	ПК '032-prosvirina' создан.
2017-01-31 14:45:48		[471]	Деталь конфигурации для ПК '032-prosvirina' в таблице эталонов создана. Тип детали: cpu. Имя детали: процессор intel pentium iii xeon.
2017-01-31 14:45:48		[471]	Деталь конфигурации для ПК '032-prosvirina' в таблице эталонов создана. Тип детали: ram. Имя детали: 3.5.
2017-01-31 14:45:49		[471]	Деталь конфигурации для ПК '032-prosvirina' в таблице эталонов создана. Тип детали: hdd. Имя детали: wdc wd1600aajb-00j3a0.
2017-01-31 14:45:49		[471]	Деталь конфигурации для ПК '032-prosvirina' в таблице эталонов создана. Тип детали: mb. Имя детали: system product name.
2017-01-31 14:45:49		[471]	Деталь конфигурации для ПК '032-prosvirina' в таблице эталонов создана. Тип детали: video. Имя детали: nvidia geforce gt 220.
2017-01-31 14:45:49		[471]	Приложение остановлено.
2017-01-31 14:47:05		[703]	Приложение запущено.
2017-01-31 14:47:05		[703]	Текущий point: 0
2017-01-31 14:47:05		[703]	Новый counter: 1
2017-01-31 14:47:05		[703]	ПК '032-prosvirina' создан.
2017-01-31 14:47:05		[703]	Деталь конфигурации для ПК '032-prosvirina' в таблице эталонов создана. Тип: cpu. Имя: процессор intel pentium iii xeon.
2017-01-31 14:47:05		[703]	Деталь конфигурации для ПК '032-prosvirina' в таблице эталонов создана. Тип: ram. Имя: 3.5.
2017-01-31 14:47:05		[703]	Деталь конфигурации для ПК '032-prosvirina' в таблице эталонов создана. Тип: hdd. Имя: wdc wd1600aajb-00j3a0.
2017-01-31 14:47:05		[703]	Деталь конфигурации для ПК '032-prosvirina' в таблице эталонов создана. Тип: mb. Имя: system product name.
2017-01-31 14:47:05		[703]	Деталь конфигурации для ПК '032-prosvirina' в таблице эталонов создана. Тип: video. Имя: nvidia geforce gt 220.
2017-01-31 14:47:05		[703]	Приложение остановлено.
2017-01-31 14:49:52		[637]	Приложение запущено.
2017-01-31 14:49:52		[637]	Текущий point: 0
2017-01-31 14:49:52		[637]	Новый counter: 1
2017-01-31 14:49:52		[637]	ПК '032-prosvirina' создан.
2017-01-31 14:49:52		[637]	Деталь конфигурации для ПК '032-prosvirina' в таблице эталонов создана. Тип: cpu. Имя: процессор intel pentium iii xeon.
2017-01-31 14:49:52		[637]	Деталь конфигурации для ПК '032-prosvirina' в таблице эталонов создана. Тип: ram. Имя: 3.5.
2017-01-31 14:49:52		[637]	Деталь конфигурации для ПК '032-prosvirina' в таблице эталонов создана. Тип: hdd. Имя: wdc wd1600aajb-00j3a0.
2017-01-31 14:49:52		[637]	Деталь конфигурации для ПК '032-prosvirina' в таблице эталонов создана. Тип: mb. Имя: system product name.
2017-01-31 14:49:52		[637]	Деталь конфигурации для ПК '032-prosvirina' в таблице эталонов создана. Тип: video. Имя: nvidia geforce gt 220.
2017-01-31 14:49:52		[637]	Приложение остановлено.
2017-01-31 14:51:33		[97]	Приложение запущено.
2017-01-31 14:51:33		[97]	Текущий point: 0
2017-01-31 14:51:33		[97]	Новый counter: 1
2017-01-31 14:51:33		[97]	ПК '032-prosvirina' создан.
2017-01-31 14:51:34		[97]	Деталь конфигурации для ПК '032-prosvirina' в таблице эталонов создана. Тип: cpu. Имя: процессор intel pentium iii xeon.
2017-01-31 14:51:34		[97]	Деталь конфигурации для ПК '032-prosvirina' в таблице эталонов создана. Тип: ram. Имя: 3.5.
2017-01-31 14:51:34		[97]	Деталь конфигурации для ПК '032-prosvirina' в таблице эталонов создана. Тип: hdd. Имя: wdc wd1600aajb-00j3a0.
2017-01-31 14:51:34		[97]	Деталь конфигурации для ПК '032-prosvirina' в таблице эталонов создана. Тип: mb. Имя: system product name.
2017-01-31 14:51:34		[97]	Деталь конфигурации для ПК '032-prosvirina' в таблице эталонов создана. Тип: video. Имя: nvidia geforce gt 220.
2017-01-31 14:51:34		[97]	Приложение остановлено.
2017-01-31 15:13:37		[999]	Приложение запущено.
2017-01-31 15:13:37		[999]	Текущий point: 0
2017-01-31 15:13:37		[999]	Новый counter: 1
2017-01-31 15:13:38		[999]	ПК '032-prosvirina' создан.
2017-01-31 15:13:38		[999]	Деталь конфигурации для ПК '032-prosvirina' в таблице эталонов создана. Тип: cpu. Имя: процессор intel pentium iii xeon.
2017-01-31 15:13:38		[999]	Деталь конфигурации для ПК '032-prosvirina' в таблице эталонов создана. Тип: ram. Имя: 3.5.
2017-01-31 15:13:38		[999]	Деталь конфигурации для ПК '032-prosvirina' в таблице эталонов создана. Тип: hdd. Имя: wdc wd1600aajb-00j3a0.
2017-01-31 15:13:38		[999]	Деталь конфигурации для ПК '032-prosvirina' в таблице эталонов создана. Тип: mb. Имя: system product name.
2017-01-31 15:13:38		[999]	Деталь конфигурации для ПК '032-prosvirina' в таблице эталонов создана. Тип: video. Имя: nvidia geforce gt 220.
2017-01-31 15:13:38		[999]	Приложение остановлено.
2017-01-31 15:14:02		[471]	Приложение запущено.
2017-01-31 15:14:02		[471]	Текущий point: 0
2017-01-31 15:14:02		[471]	Новый counter: 1
2017-01-31 15:14:03		[471]	Ошибка создания ПК. Имя ПК: '032-prosvirina'. Ошибка: Invnum has already been taken
2017-01-31 15:14:03		[471]	Приложение остановлено.
2017-01-31 15:14:47		[676]	Приложение запущено.
2017-01-31 15:14:47		[676]	Текущий point: 0
2017-01-31 15:14:47		[676]	Новый counter: 1
2017-01-31 15:14:47		[676]	Приложение остановлено.
2017-01-31 15:15:13		[998]	Приложение запущено.
2017-01-31 15:15:13		[998]	Текущий point: 0
2017-01-31 15:15:13		[998]	Новый counter: 1
2017-01-31 15:15:14		[998]	ПК '032-prosvirina' создан.
2017-01-31 15:15:14		[998]	Деталь конфигурации для ПК '032-prosvirina' в таблице эталонов создана. Тип: cpu. Имя: процессор intel pentium iii xeon.
2017-01-31 15:15:14		[998]	Деталь конфигурации для ПК '032-prosvirina' в таблице эталонов создана. Тип: ram. Имя: 3.5.
2017-01-31 15:15:14		[998]	Деталь конфигурации для ПК '032-prosvirina' в таблице эталонов создана. Тип: hdd. Имя: wdc wd1600aajb-00j3a0.
2017-01-31 15:15:14		[998]	Деталь конфигурации для ПК '032-prosvirina' в таблице эталонов создана. Тип: mb. Имя: system product name.
2017-01-31 15:15:14		[998]	Деталь конфигурации для ПК '032-prosvirina' в таблице эталонов создана. Тип: video. Имя: nvidia geforce gt 220.
2017-01-31 15:15:14		[998]	Приложение остановлено.
2017-01-31 15:15:41		[830]	Приложение запущено.
2017-01-31 15:15:41		[830]	Текущий point: 0
2017-01-31 15:15:41		[830]	Новый counter: 1
2017-01-31 15:15:41		[830]	Приложение остановлено.
2017-01-31 15:23:59		[584]	Приложение запущено.
2017-01-31 15:23:59		[584]	Текущий point: 0
2017-01-31 15:23:59		[584]	Новый counter: 1
2017-01-31 15:23:59		[584]	Приложение остановлено.
2017-01-31 15:24:15		[140]	Приложение запущено.
2017-01-31 15:24:15		[140]	Текущий point: 0
2017-01-31 15:24:15		[140]	Новый counter: 1
2017-01-31 15:24:15		[140]	Приложение остановлено.
2017-01-31 15:24:31		[508]	Приложение запущено.
2017-01-31 15:24:31		[508]	Текущий point: 0
2017-01-31 15:24:31		[508]	Новый counter: 1
2017-01-31 15:24:31		[508]	Приложение остановлено.
2017-01-31 15:24:52		[196]	Приложение запущено.
2017-01-31 15:24:52		[196]	Текущий point: 0
2017-01-31 15:24:52		[196]	Новый counter: 1
2017-01-31 15:24:52		[196]	Приложение остановлено.
2017-01-31 15:25:16		[721]	Приложение запущено.
2017-01-31 15:25:16		[721]	Текущий point: 0
2017-01-31 15:25:16		[721]	Новый counter: 1
2017-01-31 15:25:16		[721]	Приложение остановлено.
2017-01-31 15:25:35		[634]	Приложение запущено.
2017-01-31 15:25:35		[634]	Текущий point: 0
2017-01-31 15:25:35		[634]	Новый counter: 1
2017-01-31 15:25:35		[634]	Приложение остановлено.
2017-01-31 15:31:08		[718]	Приложение запущено.
2017-01-31 15:31:08		[718]	Текущий point: 0
2017-01-31 15:31:08		[718]	Новый counter: 1
2017-01-31 15:31:08		[718]	Приложение остановлено.
2017-01-31 15:31:40		[903]	Приложение запущено.
2017-01-31 15:31:40		[903]	Текущий point: 0
2017-01-31 15:31:40		[903]	Новый counter: 1
2017-01-31 15:31:40		[903]	Приложение остановлено.
2017-01-31 15:32:28		[874]	Приложение запущено.
2017-01-31 15:32:28		[874]	Текущий point: 0
2017-01-31 15:32:28		[874]	Новый counter: 1
2017-01-31 15:32:28		[874]	Приложение остановлено.
2017-01-31 15:33:56		[610]	Приложение запущено.
2017-01-31 15:33:56		[610]	Текущий point: 0
2017-01-31 15:33:56		[610]	Новый counter: 1
2017-01-31 15:33:56		[610]	Приложение остановлено.
2017-01-31 15:34:29		[830]	Приложение запущено.
2017-01-31 15:34:29		[830]	Текущий point: 0
2017-01-31 15:34:29		[830]	Новый counter: 1
2017-01-31 15:34:29		[830]	В текущем цикле даннные о ПК будут синхронизированы с Netadmin...
2017-01-31 15:34:29		[830]	Приложение остановлено.
2017-01-31 15:36:33		[497]	Приложение запущено.
2017-01-31 15:36:33		[497]	Текущий point: 0
2017-01-31 15:36:33		[497]	Новый counter: 1
2017-01-31 15:36:33		[497]	В текущем цикле даннные о ПК будут синхронизированы с Netadmin...
2017-01-31 15:36:33		[497]	Приложение остановлено.
2017-01-31 15:44:11		[524]	Приложение запущено.
2017-01-31 15:44:11		[524]	Текущий point: 0
2017-01-31 15:44:11		[524]	Новый counter: 1
2017-01-31 15:44:11		[524]	В текущем цикле даннные о ПК будут синхронизированы с Netadmin...
2017-01-31 15:44:11		[524]	Приложение остановлено.
2017-01-31 15:45:06		[103]	Приложение запущено.
2017-01-31 15:45:06		[103]	Текущий point: 0
2017-01-31 15:45:06		[103]	Новый counter: 1
2017-01-31 15:45:06		[103]	В текущем цикле даннные о ПК будут синхронизированы с Netadmin...
2017-01-31 15:45:06		[103]	Приложение остановлено.
2017-01-31 15:45:14		[788]	Приложение запущено.
2017-01-31 15:45:14		[788]	Текущий point: 0
2017-01-31 15:45:14		[788]	Новый counter: 1
2017-01-31 15:45:14		[788]	В текущем цикле даннные о ПК будут синхронизированы с Netadmin...
2017-01-31 15:45:14		[788]	Приложение остановлено.
2017-01-31 15:50:58		[819]	Приложение запущено.
2017-01-31 15:50:58		[819]	Текущий point: 0
2017-01-31 15:50:58		[819]	Новый counter: 1
2017-01-31 15:50:58		[819]	В текущем цикле даннные о ПК будут синхронизированы с Netadmin...
2017-01-31 15:50:58		[819]	Данные о ПК '760604' изменены в соостветствии с БД Netadmin.
2017-01-31 15:50:58		[819]	Приложение остановлено.
2017-01-31 15:52:08	[538]	Приложение запущено.
2017-01-31 15:52:08	[538]	Текущий point: 0
2017-01-31 15:52:08	[538]	Новый counter: 1
2017-01-31 15:52:08	[538]	В текущем цикле даннные о ПК будут синхронизированы с Netadmin...
2017-01-31 15:52:09	[538]	Приложение остановлено.
2017-01-31 16:25:07	[23]	Приложение запущено.
2017-01-31 16:25:07	[23]	Текущий point: 0
2017-01-31 16:25:07	[23]	Новый counter: 1
2017-01-31 16:25:07	[23]	В текущем цикле даннные о ПК будут синхронизированы с Netadmin...
2017-01-31 16:25:08	[23]	Приложение остановлено.
2017-01-31 16:25:34	[209]	Приложение запущено.
2017-01-31 16:25:34	[209]	Текущий point: 0
2017-01-31 16:25:34	[209]	Новый counter: 1
2017-01-31 16:25:34	[209]	В текущем цикле даннные о ПК будут синхронизированы с Netadmin...
2017-01-31 16:25:34	[209]	Приложение остановлено.
2017-01-31 16:26:24	[820]	Приложение запущено.
2017-01-31 16:26:24	[820]	Текущий point: 0
2017-01-31 16:26:24	[820]	Новый counter: 1
2017-01-31 16:26:24	[820]	Приложение остановлено.
2017-01-31 16:34:53	[447]	Приложение запущено.
2017-01-31 16:34:53	[447]	Текущий point: 0
2017-01-31 16:34:53	[447]	Новый counter: 1
2017-01-31 16:34:54	[447]	Приложение остановлено.
